<?xml version="1.0" encoding="UTF-8"?>
<!-- Generated by org.testng.reporters.JUnitReportReporter -->
<testsuite hostname="MS" failures="0" tests="3" name="testCases.Tc_024_VerifyProduct_ByGender_Material" time="9.301" errors="0" timestamp="2024-04-11T22:26:16 IST" skipped="0">
  <testcase classname="testCases.Tc_024_VerifyProduct_ByGender_Material" name="HomePagetitleVerification" time="0.028"/>
  <testcase classname="testCases.Tc_024_VerifyProduct_ByGender_Material" name="selectWomen" time="8.929"/>
  <testcase classname="testCases.Tc_024_VerifyProduct_ByGender_Material" name="tearDown" time="0.344"/>
</testsuite> <!-- testCases.Tc_024_VerifyProduct_ByGender_Material -->
