<?xml version="1.0" encoding="UTF-8"?>
<!-- Generated by org.testng.reporters.JUnitReportReporter -->
<testsuite hostname="MS" failures="0" tests="2" name="testCases.Tc_16_ProductSearch_MaterialDropdown" time="6.240" errors="0" timestamp="2024-04-11T00:11:08 IST" skipped="0">
  <testcase classname="testCases.Tc_16_ProductSearch_MaterialDropdown" name="HomePagetitleVerification" time="0.088"/>
  <testcase classname="testCases.Tc_16_ProductSearch_MaterialDropdown" name="View_Products_Material" time="6.152"/>
</testsuite> <!-- testCases.Tc_16_ProductSearch_MaterialDropdown -->
