<?xml version="1.0" encoding="UTF-8"?>
<!-- Generated by org.testng.reporters.JUnitReportReporter -->
<testsuite hostname="MS" failures="0" tests="1" name="testCases.Tc_023_AdvanceSearch" time="27.709" errors="0" timestamp="2024-04-11T21:27:10 IST" skipped="0">
  <testcase classname="testCases.Tc_023_AdvanceSearch" name="advanceSearch" time="27.709"/>
</testsuite> <!-- testCases.Tc_023_AdvanceSearch -->
