<?xml version="1.0" encoding="UTF-8"?>
<!-- Generated by org.testng.reporters.JUnitReportReporter -->
<testsuite hostname="MS" failures="0" tests="2" name="testCases.Tc_025_Validate_Qty_Product" time="5.531" errors="0" timestamp="2024-04-11T22:45:19 IST" skipped="0">
  <testcase classname="testCases.Tc_025_Validate_Qty_Product" name="HomePagetitleVerification" time="0.041"/>
  <testcase classname="testCases.Tc_025_Validate_Qty_Product" name="Product_Quantity" time="5.490"/>
</testsuite> <!-- testCases.Tc_025_Validate_Qty_Product -->
