<?xml version="1.0" encoding="UTF-8"?>
<!-- Generated by org.testng.reporters.JUnitReportReporter -->
<testsuite hostname="MS" failures="0" tests="4" name="testCases.Tc_0019_Verify_SortByPrice_ShowPerPageDropdown" time="22.567" errors="0" timestamp="2024-04-11T11:27:10 IST" skipped="0">
  <testcase classname="testCases.Tc_0019_Verify_SortByPrice_ShowPerPageDropdown" name="signIn" time="10.067"/>
  <testcase classname="testCases.Tc_0019_Verify_SortByPrice_ShowPerPageDropdown" name="HomePageTitle" time="0.059"/>
  <testcase classname="testCases.Tc_0019_Verify_SortByPrice_ShowPerPageDropdown" name="shopPants20percentOff" time="11.789"/>
  <testcase classname="testCases.Tc_0019_Verify_SortByPrice_ShowPerPageDropdown" name="printproducts" time="0.652"/>
</testsuite> <!-- testCases.Tc_0019_Verify_SortByPrice_ShowPerPageDropdown -->
