<?xml version="1.0" encoding="UTF-8"?>
<!-- Generated by org.testng.reporters.JUnitReportReporter -->
<testsuite hostname="MS" failures="0" tests="2" name="testCases.Tc_0018_AddToCartBeforeSIGIN" time="22.439" errors="0" timestamp="2024-04-11T15:19:18 IST" skipped="0">
  <testcase classname="testCases.Tc_0018_AddToCartBeforeSIGIN" name="productSelection" time="16.560"/>
  <testcase classname="testCases.Tc_0018_AddToCartBeforeSIGIN" name="wishList" time="5.879"/>
</testsuite> <!-- testCases.Tc_0018_AddToCartBeforeSIGIN -->
