<?xml version="1.0" encoding="UTF-8"?>
<!-- Generated by org.testng.reporters.JUnitReportReporter -->
<testsuite hostname="MS" failures="0" tests="3" name="testCases.Tc_022_Verify_CompareProductsLink_PrintPage" time="13.893" errors="0" timestamp="2024-04-11T21:15:58 IST" skipped="0">
  <testcase classname="testCases.Tc_022_Verify_CompareProductsLink_PrintPage" name="HomePageTitle" time="0.030"/>
  <testcase classname="testCases.Tc_022_Verify_CompareProductsLink_PrintPage" name="signIn" time="10.354"/>
  <testcase classname="testCases.Tc_022_Verify_CompareProductsLink_PrintPage" name="CompareProducts" time="3.509"/>
</testsuite> <!-- testCases.Tc_022_Verify_CompareProductsLink_PrintPage -->
