<?xml version="1.0" encoding="UTF-8"?>
<!-- Generated by org.testng.reporters.JUnitReportReporter -->
<testsuite hostname="MS" failures="0" tests="1" name="testCases.TC_02_LoginTest" time="7.491" errors="0" timestamp="2024-03-31T23:10:02 IST" skipped="0">
  <testcase classname="testCases.TC_02_LoginTest" name="verify_login" time="7.491"/>
</testsuite> <!-- testCases.TC_02_LoginTest -->
