<?xml version="1.0" encoding="UTF-8"?>
<!-- Generated by org.testng.reporters.JUnitReportReporter -->
<testsuite hostname="MS" failures="0" tests="3" name="testCases.Tc_020_Validate_BreadCrumbs" time="11.584" errors="0" timestamp="2024-04-11T15:32:48 IST" skipped="0">
  <testcase classname="testCases.Tc_020_Validate_BreadCrumbs" name="signIn" time="9.256"/>
  <testcase classname="testCases.Tc_020_Validate_BreadCrumbs" name="HomePageTitle" time="0.053"/>
  <testcase classname="testCases.Tc_020_Validate_BreadCrumbs" name="validateBreadcrumbs" time="2.275"/>
</testsuite> <!-- testCases.Tc_020_Validate_BreadCrumbs -->
