<?xml version="1.0" encoding="UTF-8"?>
<!-- Generated by org.testng.reporters.JUnitReportReporter -->
<testsuite hostname="MS" failures="0" tests="1" name="testCases.TC_AccountRegistrationTest" time="7.964" errors="0" timestamp="2024-04-07T19:53:30 IST" skipped="0">
  <testcase classname="testCases.TC_AccountRegistrationTest" name="verify_account_registration" time="7.964"/>
</testsuite> <!-- testCases.TC_AccountRegistrationTest -->
